<?xml version="1.0" encoding="UTF-8"?>
<testsuite name="com.hotelreservation.HotelReservationTest" tests="1" skipped="0" failures="0" errors="0" timestamp="2021-06-03T01:53:15" hostname="LAPTOP-F926MLOJ" time="0.056">
  <properties/>
  <testcase name="givenHotel_with3Parameters_shoulBeAbleToAdd_WeekdayAndWeekEndRate()" classname="com.hotelreservation.HotelReservationTest" time="0.056"/>
  <system-out><![CDATA[]]></system-out>
  <system-err><![CDATA[]]></system-err>
</testsuite>
