<?xml version="1.0" encoding="UTF-8"?>
<testsuite name="com.hotelreservation.HotelReservationTest" tests="1" skipped="0" failures="0" errors="0" timestamp="2021-06-11T07:47:50" hostname="LAPTOP-F926MLOJ" time="0.063">
  <properties/>
  <testcase name="givenHotelWillCheck_CheapestRate_from_TotalRate()" classname="com.hotelreservation.HotelReservationTest" time="0.063"/>
  <system-out><![CDATA[Saturday count==1
Sunday count==1
Hotel: LakewoodWeekday Rate: 440 & WeekEnd Rate: 180
]]></system-out>
  <system-err><![CDATA[]]></system-err>
</testsuite>
