<?xml version="1.0" encoding="UTF-8"?>
<testsuite name="com.hotelreservation.HotelReservationTest" tests="1" skipped="0" failures="0" errors="0" timestamp="2021-06-11T06:55:30" hostname="LAPTOP-F926MLOJ" time="0.137">
  <properties/>
  <testcase name="shouldBeAbleToReturnCheapestHotel()" classname="com.hotelreservation.HotelReservationTest" time="0.137"/>
  <system-out><![CDATA[]]></system-out>
  <system-err><![CDATA[]]></system-err>
</testsuite>
